# JRE version: OpenJDK Runtime Environment (11.0.10) (build 11.0.10+0-b96-7249189)
# Java VM: OpenJDK 64-Bit Server VM (11.0.10+0-b96-7249189, mixed mode, tiered, compressed oops, g1 gc, windows-amd64)
Heap:
 garbage-first heap   total 700416K, used 133663K [0x0000000080000000, 0x0000000100000000)
  region size 1024K, 8 young (8192K), 8 survivors (8192K)
 Metaspace       used 106341K, capacity 109140K, committed 109644K, reserved 1144832K
  class space    used 13453K, capacity 14479K, committed 14668K, reserved 1048576K
GC Heap History (20 events):
Event: 14.415 GC heap after
{Heap after GC invocations=29 (full 0):
 garbage-first heap   total 187392K, used 81908K [0x0000000080000000, 0x0000000100000000)
  region size 1024K, 9 young (9216K), 9 survivors (9216K)
 Metaspace       used 93044K, capacity 95282K, committed 95564K, reserved 1132544K
  class space    used 11667K, capacity 12472K, committed 12620K, reserved 1048576K
}
Event: 14.581 GC heap before
{Heap before GC invocations=29 (full 0):
 garbage-first heap   total 187392K, used 149492K [0x0000000080000000, 0x0000000100000000)
  region size 1024K, 76 young (77824K), 9 survivors (9216K)
 Metaspace       used 94435K, capacity 96801K, committed 96972K, reserved 1134592K
  class space    used 11850K, capacity 12678K, committed 12748K, reserved 1048576K
}
Event: 14.609 GC heap after
{Heap after GC invocations=30 (full 0):
 garbage-first heap   total 225280K, used 90489K [0x0000000080000000, 0x0000000100000000)
  region size 1024K, 10 young (10240K), 10 survivors (10240K)
 Metaspace       used 94435K, capacity 96801K, committed 96972K, reserved 1134592K
  class space    used 11850K, capacity 12678K, committed 12748K, reserved 1048576K
}
Event: 15.085 GC heap before
{Heap before GC invocations=30 (full 0):
 garbage-first heap   total 225280K, used 175481K [0x0000000080000000, 0x0000000100000000)
  region size 1024K, 92 young (94208K), 10 survivors (10240K)
 Metaspace       used 99581K, capacity 102234K, committed 102476K, reserved 1138688K
  class space    used 12602K, capacity 13570K, committed 13644K, reserved 1048576K
}
Event: 15.100 GC heap after
{Heap after GC invocations=31 (full 0):
 garbage-first heap   total 225280K, used 99801K [0x0000000080000000, 0x0000000100000000)
  region size 1024K, 12 young (12288K), 12 survivors (12288K)
 Metaspace       used 99581K, capacity 102234K, committed 102476K, reserved 1138688K
  class space    used 12602K, capacity 13570K, committed 13644K, reserved 1048576K
}
Event: 15.336 GC heap before
{Heap before GC invocations=31 (full 0):
 garbage-first heap   total 225280K, used 175577K [0x0000000080000000, 0x0000000100000000)
  region size 1024K, 86 young (88064K), 12 survivors (12288K)
 Metaspace       used 101253K, capacity 103990K, committed 104140K, reserved 1138688K
  class space    used 12918K, capacity 13925K, committed 14028K, reserved 1048576K
}
Event: 15.363 GC heap after
{Heap after GC invocations=32 (full 0):
 garbage-first heap   total 225280K, used 112441K [0x0000000080000000, 0x0000000100000000)
  region size 1024K, 11 young (11264K), 11 survivors (11264K)
 Metaspace       used 101253K, capacity 103990K, committed 104140K, reserved 1138688K
  class space    used 12918K, capacity 13925K, committed 14028K, reserved 1048576K
}
Event: 15.540 GC heap before
{Heap before GC invocations=32 (full 0):
 garbage-first heap   total 225280K, used 176953K [0x0000000080000000, 0x0000000100000000)
  region size 1024K, 74 young (75776K), 11 survivors (11264K)
 Metaspace       used 103030K, capacity 105897K, committed 106188K, reserved 1140736K
  class space    used 13208K, capacity 14237K, committed 14284K, reserved 1048576K
}
Event: 15.555 GC heap after
{Heap after GC invocations=33 (full 0):
 garbage-first heap   total 225280K, used 123433K [0x0000000080000000, 0x0000000100000000)
  region size 1024K, 10 young (10240K), 10 survivors (10240K)
 Metaspace       used 103030K, capacity 105897K, committed 106188K, reserved 1140736K
  class space    used 13208K, capacity 14237K, committed 14284K, reserved 1048576K
}
Event: 15.788 GC heap before
{Heap before GC invocations=33 (full 0):
 garbage-first heap   total 225280K, used 178729K [0x0000000080000000, 0x0000000100000000)
  region size 1024K, 65 young (66560K), 10 survivors (10240K)
 Metaspace       used 103799K, capacity 106646K, committed 106828K, reserved 1142784K
  class space    used 13301K, capacity 14349K, committed 14412K, reserved 1048576K
}
Event: 15.812 GC heap after
{Heap after GC invocations=34 (full 0):
 garbage-first heap   total 351232K, used 127213K [0x0000000080000000, 0x0000000100000000)
  region size 1024K, 4 young (4096K), 4 survivors (4096K)
 Metaspace       used 103799K, capacity 106646K, committed 106828K, reserved 1142784K
  class space    used 13301K, capacity 14349K, committed 14412K, reserved 1048576K
}
Event: 16.377 GC heap before
{Heap before GC invocations=35 (full 0):
 garbage-first heap   total 351232K, used 227565K [0x0000000080000000, 0x0000000100000000)
  region size 1024K, 102 young (104448K), 4 survivors (4096K)
 Metaspace       used 105317K, capacity 108088K, committed 108620K, reserved 1142784K
  class space    used 13427K, capacity 14428K, committed 14668K, reserved 1048576K
}
Event: 16.532 GC heap after
{Heap after GC invocations=36 (full 0):
 garbage-first heap   total 351232K, used 131207K [0x0000000080000000, 0x0000000100000000)
  region size 1024K, 8 young (8192K), 8 survivors (8192K)
 Metaspace       used 105317K, capacity 108088K, committed 108620K, reserved 1142784K
  class space    used 13427K, capacity 14428K, committed 14668K, reserved 1048576K
}
Event: 16.829 GC heap before
{Heap before GC invocations=36 (full 0):
 garbage-first heap   total 351232K, used 209031K [0x0000000080000000, 0x0000000100000000)
  region size 1024K, 84 young (86016K), 8 survivors (8192K)
 Metaspace       used 105376K, capacity 108168K, committed 108620K, reserved 1142784K
  class space    used 13432K, capacity 14434K, committed 14668K, reserved 1048576K
}
Event: 16.839 GC heap after
{Heap after GC invocations=37 (full 0):
 garbage-first heap   total 351232K, used 131711K [0x0000000080000000, 0x0000000100000000)
  region size 1024K, 6 young (6144K), 6 survivors (6144K)
 Metaspace       used 105376K, capacity 108168K, committed 108620K, reserved 1142784K
  class space    used 13432K, capacity 14434K, committed 14668K, reserved 1048576K
}
Event: 17.266 GC heap before
{Heap before GC invocations=37 (full 0):
 garbage-first heap   total 351232K, used 251519K [0x0000000080000000, 0x0000000100000000)
  region size 1024K, 124 young (126976K), 6 survivors (6144K)
 Metaspace       used 105488K, capacity 108280K, committed 108876K, reserved 1142784K
  class space    used 13447K, capacity 14470K, committed 14668K, reserved 1048576K
}
Event: 17.274 GC heap after
{Heap after GC invocations=38 (full 0):
 garbage-first heap   total 351232K, used 132754K [0x0000000080000000, 0x0000000100000000)
  region size 1024K, 7 young (7168K), 7 survivors (7168K)
 Metaspace       used 105488K, capacity 108280K, committed 108876K, reserved 1142784K
  class space    used 13447K, capacity 14470K, committed 14668K, reserved 1048576K
}
Event: 17.616 GC heap before
{Heap before GC invocations=38 (full 0):
 garbage-first heap   total 351232K, used 263826K [0x0000000080000000, 0x0000000100000000)
  region size 1024K, 136 young (139264K), 7 survivors (7168K)
 Metaspace       used 105794K, capacity 108562K, committed 109132K, reserved 1144832K
  class space    used 13449K, capacity 14472K, committed 14668K, reserved 1048576K
}
Event: 17.627 GC heap after
{Heap after GC invocations=39 (full 0):
 garbage-first heap   total 351232K, used 133933K [0x0000000080000000, 0x0000000100000000)
  region size 1024K, 9 young (9216K), 9 survivors (9216K)
 Metaspace       used 105794K, capacity 108562K, committed 109132K, reserved 1144832K
  class space    used 13449K, capacity 14472K, committed 14668K, reserved 1048576K
}
Event: 18.027 GC heap before
{Heap before GC invocations=39 (full 0):
 garbage-first heap   total 351232K, used 273197K [0x0000000080000000, 0x0000000100000000)
  region size 1024K, 145 young (148480K), 9 survivors (9216K)
 Metaspace       used 106341K, capacity 109140K, committed 109644K, reserved 1144832K
  class space    used 13453K, capacity 14479K, committed 14668K, reserved 1048576K
}

